[2023-06-01 23:06:54.625] [jointLog] [info] setting maxHashResizeThreads to 8
[2023-06-01 23:06:54.625] [jointLog] [info] Fragment incompatibility prior below threshold.  Incompatible fragments will be ignored.
[2023-06-01 23:06:54.625] [jointLog] [info] Usage of --validateMappings implies use of minScoreFraction. Since not explicitly specified, it is being set to 0.65
[2023-06-01 23:06:54.625] [jointLog] [info] Setting consensusSlack to selective-alignment default of 0.35.
[2023-06-01 23:06:54.625] [jointLog] [info] parsing read library format
[2023-06-01 23:06:54.625] [jointLog] [info] There is 1 library.
[2023-06-01 23:06:54.627] [jointLog] [info] Loading pufferfish index
[2023-06-01 23:06:54.627] [jointLog] [info] Loading dense pufferfish index.
[2023-06-01 23:06:55.988] [jointLog] [info] done
[2023-06-01 23:06:56.090] [jointLog] [info] Index contained 194,142 targets
[2023-06-01 23:06:56.129] [jointLog] [info] Number of decoys : 0
[2023-06-01 23:07:11.447] [jointLog] [info] Automatically detected most likely library type as IU

[2023-06-01 23:19:16.383] [jointLog] [info] Computed 89,323 rich equivalence classes for further processing
[2023-06-01 23:19:16.383] [jointLog] [info] Counted 1,917,009 total reads in the equivalence classes 
[2023-06-01 23:19:16.386] [jointLog] [info] Number of mappings discarded because of alignment score : 226,368,048
[2023-06-01 23:19:16.386] [jointLog] [info] Number of fragments entirely discarded because of alignment score : 6,284,905
[2023-06-01 23:19:16.386] [jointLog] [info] Number of fragments discarded because they are best-mapped to decoys : 0
[2023-06-01 23:19:16.386] [jointLog] [info] Number of fragments discarded because they have only dovetail (discordant) mappings to valid targets : 2,610,869
[2023-06-01 23:19:16.393] [jointLog] [warning] Only 1917009 fragments were mapped, but the number of burn-in fragments was set to 5000000.
The effective lengths have been computed using the observed mappings.

[2023-06-01 23:19:16.393] [jointLog] [info] Mapping rate = 3.20344%

[2023-06-01 23:19:16.393] [jointLog] [info] finished quantifyLibrary()
[2023-06-01 23:19:16.383] [fileLog] [info] 
At end of round 0
==================
Observed 59842232 total fragments (59842232 in most recent round)

[2023-06-01 23:19:16.427] [jointLog] [info] Starting optimizer
[2023-06-01 23:19:16.470] [jointLog] [info] Marked 0 weighted equivalence classes as degenerate
[2023-06-01 23:19:16.478] [jointLog] [info] iteration = 0 | max rel diff. = 939.806
[2023-06-01 23:19:17.160] [jointLog] [info] iteration = 100 | max rel diff. = 15.3463
[2023-06-01 23:19:17.834] [jointLog] [info] iteration = 200 | max rel diff. = 9.56926
[2023-06-01 23:19:18.513] [jointLog] [info] iteration = 300 | max rel diff. = 1.93099
[2023-06-01 23:19:19.187] [jointLog] [info] iteration = 400 | max rel diff. = 16.5977
[2023-06-01 23:19:19.873] [jointLog] [info] iteration = 500 | max rel diff. = 0.0500518
[2023-06-01 23:19:20.555] [jointLog] [info] iteration = 600 | max rel diff. = 0.0796425
[2023-06-01 23:19:21.244] [jointLog] [info] iteration = 700 | max rel diff. = 0.0125759
[2023-06-01 23:19:21.923] [jointLog] [info] iteration = 800 | max rel diff. = 0.0514677
[2023-06-01 23:19:22.121] [jointLog] [info] iteration = 830 | max rel diff. = 0.00456692
[2023-06-01 23:19:22.133] [jointLog] [info] Finished optimizer
[2023-06-01 23:19:22.133] [jointLog] [info] writing output 

