[2023-06-01 19:38:41.443] [jointLog] [info] setting maxHashResizeThreads to 8
[2023-06-01 19:38:41.443] [jointLog] [info] Fragment incompatibility prior below threshold.  Incompatible fragments will be ignored.
[2023-06-01 19:38:41.443] [jointLog] [info] Usage of --validateMappings implies use of minScoreFraction. Since not explicitly specified, it is being set to 0.65
[2023-06-01 19:38:41.443] [jointLog] [info] Setting consensusSlack to selective-alignment default of 0.35.
[2023-06-01 19:38:41.443] [jointLog] [info] parsing read library format
[2023-06-01 19:38:41.443] [jointLog] [info] There is 1 library.
[2023-06-01 19:38:41.444] [jointLog] [info] Loading pufferfish index
[2023-06-01 19:38:41.444] [jointLog] [info] Loading dense pufferfish index.
[2023-06-01 19:38:42.090] [jointLog] [info] done
[2023-06-01 19:38:42.130] [jointLog] [info] Index contained 194,142 targets
[2023-06-01 19:38:42.174] [jointLog] [info] Number of decoys : 0
[2023-06-01 19:38:58.840] [jointLog] [info] Automatically detected most likely library type as IU

[2023-06-01 19:41:03.665] [jointLog] [info] Computed 74,030 rich equivalence classes for further processing
[2023-06-01 19:41:03.665] [jointLog] [info] Counted 349,277 total reads in the equivalence classes 
[2023-06-01 19:41:03.668] [jointLog] [info] Number of mappings discarded because of alignment score : 27,588,365
[2023-06-01 19:41:03.668] [jointLog] [info] Number of fragments entirely discarded because of alignment score : 1,035,356
[2023-06-01 19:41:03.668] [jointLog] [info] Number of fragments discarded because they are best-mapped to decoys : 0
[2023-06-01 19:41:03.668] [jointLog] [info] Number of fragments discarded because they have only dovetail (discordant) mappings to valid targets : 224,970
[2023-06-01 19:41:03.681] [jointLog] [warning] Only 349277 fragments were mapped, but the number of burn-in fragments was set to 5000000.
The effective lengths have been computed using the observed mappings.

[2023-06-01 19:41:03.681] [jointLog] [info] Mapping rate = 2.70845%

[2023-06-01 19:41:03.681] [jointLog] [info] finished quantifyLibrary()
[2023-06-01 19:41:03.701] [jointLog] [info] Starting optimizer
[2023-06-01 19:41:03.740] [jointLog] [info] Marked 0 weighted equivalence classes as degenerate
[2023-06-01 19:41:03.747] [jointLog] [info] iteration = 0 | max rel diff. = 177.455
[2023-06-01 19:41:03.666] [fileLog] [info] 
At end of round 0
==================
Observed 12895833 total fragments (12895833 in most recent round)

[2023-06-01 19:41:04.380] [jointLog] [info] iteration = 100 | max rel diff. = 1.91884
[2023-06-01 19:41:05.009] [jointLog] [info] iteration = 200 | max rel diff. = 0.305196
[2023-06-01 19:41:05.638] [jointLog] [info] iteration = 300 | max rel diff. = 0.0426812
[2023-06-01 19:41:06.235] [jointLog] [info] iteration = 396 | max rel diff. = 0.00587092
[2023-06-01 19:41:06.241] [jointLog] [info] Finished optimizer
[2023-06-01 19:41:06.241] [jointLog] [info] writing output 

