[2023-06-01 21:28:15.142] [jointLog] [info] setting maxHashResizeThreads to 8
[2023-06-01 21:28:15.142] [jointLog] [info] Fragment incompatibility prior below threshold.  Incompatible fragments will be ignored.
[2023-06-01 21:28:15.142] [jointLog] [info] Usage of --validateMappings implies use of minScoreFraction. Since not explicitly specified, it is being set to 0.65
[2023-06-01 21:28:15.142] [jointLog] [info] Setting consensusSlack to selective-alignment default of 0.35.
[2023-06-01 21:28:15.142] [jointLog] [info] parsing read library format
[2023-06-01 21:28:15.142] [jointLog] [info] There is 1 library.
[2023-06-01 21:28:15.144] [jointLog] [info] Loading pufferfish index
[2023-06-01 21:28:15.144] [jointLog] [info] Loading dense pufferfish index.
[2023-06-01 21:28:15.801] [jointLog] [info] done
[2023-06-01 21:28:15.942] [jointLog] [info] Index contained 194,142 targets
[2023-06-01 21:28:15.982] [jointLog] [info] Number of decoys : 0
[2023-06-01 21:28:29.246] [jointLog] [info] Automatically detected most likely library type as IU

[2023-06-01 21:46:05.723] [fileLog] [info] 
At end of round 0
==================
Observed 81495018 total fragments (81495018 in most recent round)

[2023-06-01 21:46:05.722] [jointLog] [info] Computed 180,638 rich equivalence classes for further processing
[2023-06-01 21:46:05.722] [jointLog] [info] Counted 3,153,470 total reads in the equivalence classes 
[2023-06-01 21:46:05.726] [jointLog] [info] Number of mappings discarded because of alignment score : 344,250,445
[2023-06-01 21:46:05.726] [jointLog] [info] Number of fragments entirely discarded because of alignment score : 8,663,538
[2023-06-01 21:46:05.726] [jointLog] [info] Number of fragments discarded because they are best-mapped to decoys : 0
[2023-06-01 21:46:05.726] [jointLog] [info] Number of fragments discarded because they have only dovetail (discordant) mappings to valid targets : 2,199,832
[2023-06-01 21:46:05.733] [jointLog] [warning] Only 3153470 fragments were mapped, but the number of burn-in fragments was set to 5000000.
The effective lengths have been computed using the observed mappings.

[2023-06-01 21:46:05.733] [jointLog] [info] Mapping rate = 3.86952%

[2023-06-01 21:46:05.733] [jointLog] [info] finished quantifyLibrary()
[2023-06-01 21:46:05.779] [jointLog] [info] Starting optimizer
[2023-06-01 21:46:05.836] [jointLog] [info] Marked 0 weighted equivalence classes as degenerate
[2023-06-01 21:46:05.846] [jointLog] [info] iteration = 0 | max rel diff. = 1514.24
[2023-06-01 21:46:06.761] [jointLog] [info] iteration = 100 | max rel diff. = 18.7344
[2023-06-01 21:46:07.668] [jointLog] [info] iteration = 200 | max rel diff. = 18.3549
[2023-06-01 21:46:08.578] [jointLog] [info] iteration = 300 | max rel diff. = 4.18658
[2023-06-01 21:46:09.489] [jointLog] [info] iteration = 400 | max rel diff. = 0.104416
[2023-06-01 21:46:10.394] [jointLog] [info] iteration = 500 | max rel diff. = 1.21315
[2023-06-01 21:46:11.302] [jointLog] [info] iteration = 600 | max rel diff. = 0.05161
[2023-06-01 21:46:12.190] [jointLog] [info] iteration = 700 | max rel diff. = 0.265282
[2023-06-01 21:46:13.099] [jointLog] [info] iteration = 800 | max rel diff. = 1.63867
[2023-06-01 21:46:14.004] [jointLog] [info] iteration = 900 | max rel diff. = 0.166351
[2023-06-01 21:46:14.068] [jointLog] [info] iteration = 908 | max rel diff. = 0.00418183
[2023-06-01 21:46:14.079] [jointLog] [info] Finished optimizer
[2023-06-01 21:46:14.079] [jointLog] [info] writing output 

