[2023-06-01 20:08:58.916] [jointLog] [info] setting maxHashResizeThreads to 8
[2023-06-01 20:08:58.916] [jointLog] [info] Fragment incompatibility prior below threshold.  Incompatible fragments will be ignored.
[2023-06-01 20:08:58.916] [jointLog] [info] Usage of --validateMappings implies use of minScoreFraction. Since not explicitly specified, it is being set to 0.65
[2023-06-01 20:08:58.916] [jointLog] [info] Setting consensusSlack to selective-alignment default of 0.35.
[2023-06-01 20:08:58.916] [jointLog] [info] parsing read library format
[2023-06-01 20:08:58.916] [jointLog] [info] There is 1 library.
[2023-06-01 20:08:58.919] [jointLog] [info] Loading pufferfish index
[2023-06-01 20:08:58.920] [jointLog] [info] Loading dense pufferfish index.
[2023-06-01 20:08:59.562] [jointLog] [info] done
[2023-06-01 20:08:59.635] [jointLog] [info] Index contained 194,142 targets
[2023-06-01 20:08:59.675] [jointLog] [info] Number of decoys : 0
[2023-06-01 20:09:14.612] [jointLog] [info] Automatically detected most likely library type as IU

[2023-06-01 20:11:27.601] [jointLog] [info] Computed 69,373 rich equivalence classes for further processing
[2023-06-01 20:11:27.601] [jointLog] [info] Counted 437,074 total reads in the equivalence classes 
[2023-06-01 20:11:27.603] [jointLog] [info] Number of mappings discarded because of alignment score : 30,198,148
[2023-06-01 20:11:27.603] [jointLog] [info] Number of fragments entirely discarded because of alignment score : 1,250,729
[2023-06-01 20:11:27.603] [jointLog] [info] Number of fragments discarded because they are best-mapped to decoys : 0
[2023-06-01 20:11:27.603] [jointLog] [info] Number of fragments discarded because they have only dovetail (discordant) mappings to valid targets : 248,526
[2023-06-01 20:11:27.612] [jointLog] [warning] Only 437074 fragments were mapped, but the number of burn-in fragments was set to 5000000.
The effective lengths have been computed using the observed mappings.

[2023-06-01 20:11:27.612] [jointLog] [info] Mapping rate = 3.42302%

[2023-06-01 20:11:27.612] [jointLog] [info] finished quantifyLibrary()
[2023-06-01 20:11:27.614] [jointLog] [info] Starting optimizer
[2023-06-01 20:11:27.602] [fileLog] [info] 
At end of round 0
==================
Observed 12768670 total fragments (12768670 in most recent round)

[2023-06-01 20:11:27.653] [jointLog] [info] Marked 0 weighted equivalence classes as degenerate
[2023-06-01 20:11:27.660] [jointLog] [info] iteration = 0 | max rel diff. = 220.53
[2023-06-01 20:11:28.280] [jointLog] [info] iteration = 100 | max rel diff. = 14.0788
[2023-06-01 20:11:28.898] [jointLog] [info] iteration = 200 | max rel diff. = 0.183101
[2023-06-01 20:11:29.518] [jointLog] [info] iteration = 300 | max rel diff. = 0.127741
[2023-06-01 20:11:30.142] [jointLog] [info] iteration = 400 | max rel diff. = 0.0658886
[2023-06-01 20:11:30.314] [jointLog] [info] iteration = 429 | max rel diff. = 0.00229813
[2023-06-01 20:11:30.328] [jointLog] [info] Finished optimizer
[2023-06-01 20:11:30.328] [jointLog] [info] writing output 

