[2023-06-01 19:47:48.913] [jointLog] [info] setting maxHashResizeThreads to 8
[2023-06-01 19:47:48.913] [jointLog] [info] Fragment incompatibility prior below threshold.  Incompatible fragments will be ignored.
[2023-06-01 19:47:48.913] [jointLog] [info] Usage of --validateMappings implies use of minScoreFraction. Since not explicitly specified, it is being set to 0.65
[2023-06-01 19:47:48.913] [jointLog] [info] Setting consensusSlack to selective-alignment default of 0.35.
[2023-06-01 19:47:48.913] [jointLog] [info] parsing read library format
[2023-06-01 19:47:48.913] [jointLog] [info] There is 1 library.
[2023-06-01 19:47:48.914] [jointLog] [info] Loading pufferfish index
[2023-06-01 19:47:48.914] [jointLog] [info] Loading dense pufferfish index.
[2023-06-01 19:47:49.533] [jointLog] [info] done
[2023-06-01 19:47:49.566] [jointLog] [info] Index contained 194,142 targets
[2023-06-01 19:47:49.607] [jointLog] [info] Number of decoys : 0
[2023-06-01 19:48:02.616] [jointLog] [info] Automatically detected most likely library type as IU

[2023-06-01 19:50:37.153] [jointLog] [info] Computed 115,135 rich equivalence classes for further processing
[2023-06-01 19:50:37.153] [jointLog] [info] Counted 548,668 total reads in the equivalence classes 
[2023-06-01 19:50:37.156] [jointLog] [info] Number of mappings discarded because of alignment score : 41,155,899
[2023-06-01 19:50:37.156] [jointLog] [info] Number of fragments entirely discarded because of alignment score : 1,593,618
[2023-06-01 19:50:37.156] [jointLog] [info] Number of fragments discarded because they are best-mapped to decoys : 0
[2023-06-01 19:50:37.156] [jointLog] [info] Number of fragments discarded because they have only dovetail (discordant) mappings to valid targets : 310,913
[2023-06-01 19:50:37.164] [jointLog] [warning] Only 548668 fragments were mapped, but the number of burn-in fragments was set to 5000000.
The effective lengths have been computed using the observed mappings.

[2023-06-01 19:50:37.164] [jointLog] [info] Mapping rate = 4.27558%

[2023-06-01 19:50:37.164] [jointLog] [info] finished quantifyLibrary()
[2023-06-01 19:50:37.201] [jointLog] [info] Starting optimizer
[2023-06-01 19:50:37.247] [jointLog] [info] Marked 0 weighted equivalence classes as degenerate
[2023-06-01 19:50:37.255] [jointLog] [info] iteration = 0 | max rel diff. = 278.448
[2023-06-01 19:50:37.154] [fileLog] [info] 
At end of round 0
==================
Observed 12832590 total fragments (12832590 in most recent round)

[2023-06-01 19:50:37.987] [jointLog] [info] iteration = 100 | max rel diff. = 8.40803
[2023-06-01 19:50:38.708] [jointLog] [info] iteration = 200 | max rel diff. = 0.176725
[2023-06-01 19:50:39.428] [jointLog] [info] iteration = 300 | max rel diff. = 0.814778
[2023-06-01 19:50:40.153] [jointLog] [info] iteration = 400 | max rel diff. = 2.66266
[2023-06-01 19:50:40.873] [jointLog] [info] iteration = 500 | max rel diff. = 0.291396
[2023-06-01 19:50:41.220] [jointLog] [info] iteration = 549 | max rel diff. = 0.00837667
[2023-06-01 19:50:41.235] [jointLog] [info] Finished optimizer
[2023-06-01 19:50:41.235] [jointLog] [info] writing output 

