[2023-06-01 19:58:14.344] [jointLog] [info] setting maxHashResizeThreads to 8
[2023-06-01 19:58:14.344] [jointLog] [info] Fragment incompatibility prior below threshold.  Incompatible fragments will be ignored.
[2023-06-01 19:58:14.344] [jointLog] [info] Usage of --validateMappings implies use of minScoreFraction. Since not explicitly specified, it is being set to 0.65
[2023-06-01 19:58:14.344] [jointLog] [info] Setting consensusSlack to selective-alignment default of 0.35.
[2023-06-01 19:58:14.344] [jointLog] [info] parsing read library format
[2023-06-01 19:58:14.344] [jointLog] [info] There is 1 library.
[2023-06-01 19:58:14.347] [jointLog] [info] Loading pufferfish index
[2023-06-01 19:58:14.347] [jointLog] [info] Loading dense pufferfish index.
[2023-06-01 19:58:15.252] [jointLog] [info] done
[2023-06-01 19:58:15.286] [jointLog] [info] Index contained 194,142 targets
[2023-06-01 19:58:15.325] [jointLog] [info] Number of decoys : 0
[2023-06-01 19:58:31.166] [jointLog] [info] Automatically detected most likely library type as IU

[2023-06-01 20:01:35.021] [fileLog] [info] 
At end of round 0
==================
Observed 18348170 total fragments (18348170 in most recent round)

[2023-06-01 20:01:35.020] [jointLog] [info] Computed 98,779 rich equivalence classes for further processing
[2023-06-01 20:01:35.020] [jointLog] [info] Counted 555,907 total reads in the equivalence classes 
[2023-06-01 20:01:35.023] [jointLog] [info] Number of mappings discarded because of alignment score : 37,278,107
[2023-06-01 20:01:35.023] [jointLog] [info] Number of fragments entirely discarded because of alignment score : 1,524,405
[2023-06-01 20:01:35.023] [jointLog] [info] Number of fragments discarded because they are best-mapped to decoys : 0
[2023-06-01 20:01:35.023] [jointLog] [info] Number of fragments discarded because they have only dovetail (discordant) mappings to valid targets : 239,413
[2023-06-01 20:01:35.030] [jointLog] [warning] Only 555907 fragments were mapped, but the number of burn-in fragments was set to 5000000.
The effective lengths have been computed using the observed mappings.

[2023-06-01 20:01:35.030] [jointLog] [info] Mapping rate = 3.02977%

[2023-06-01 20:01:35.030] [jointLog] [info] finished quantifyLibrary()
[2023-06-01 20:01:35.073] [jointLog] [info] Starting optimizer
[2023-06-01 20:01:35.118] [jointLog] [info] Marked 0 weighted equivalence classes as degenerate
[2023-06-01 20:01:35.125] [jointLog] [info] iteration = 0 | max rel diff. = 281.946
[2023-06-01 20:01:35.823] [jointLog] [info] iteration = 100 | max rel diff. = 4.06438
[2023-06-01 20:01:36.502] [jointLog] [info] iteration = 200 | max rel diff. = 0.324798
[2023-06-01 20:01:37.158] [jointLog] [info] iteration = 300 | max rel diff. = 0.276652
[2023-06-01 20:01:37.819] [jointLog] [info] iteration = 400 | max rel diff. = 0.0264109
[2023-06-01 20:01:38.507] [jointLog] [info] iteration = 500 | max rel diff. = 0.0226124
[2023-06-01 20:01:38.805] [jointLog] [info] iteration = 544 | max rel diff. = 0.00417115
[2023-06-01 20:01:38.817] [jointLog] [info] Finished optimizer
[2023-06-01 20:01:38.817] [jointLog] [info] writing output 

